#VAR:Cruise	0	96184
#VAR:Type	2	96184
#VAR:yyyy-mm-ddThh:mm:ss.sss	3	96184
#VAR:Longitude [degrees_east]	4	96184
#VAR:Latitude [degrees_north]	5	96184
#VAR:Operator's Cruise Name	7	96184
#VAR:Ship Name	8	96184
#VAR:Period	9	96184
#VAR:Chief Scientist	10	96184
#VAR:GEOTRACES Scientist	11	96184
#VAR:Cruise Information Link	13	96184
#VAR:BODC Cruise Number	14	96184
#VAR:QV:SEADATANET	16	96184
#VAR:QV:SEADATANET	18	96184
#VAR:Bottle Flag	23	96184
#VAR:QV:SEADATANET	24	96184
#VAR:QV:SEADATANET	26	96184
#VAR:Sampling Device	27	96184
#VAR:QV:SEADATANET	28	96184
#VAR:BODC Bottle Number	29	96184
#VAR:QV:SEADATANET	30	96184
#VAR:BODC Event Number	31	96184
#VAR:QV:SEADATANET	32	96184
#VAR:QV:ODV:SAMPLE	416	96184
#VAR:Cast Identifier	25	96167
#VAR:Bot. Depth [m]	6	96166
#VAR:CTDPRS_T_VALUE_SENSOR [dbar]	15	96156
#VAR:DEPTH [m]	17	96057
#VAR:Station	1	95016
#VAR:QV:SEADATANET	45	84869
#VAR:CTDTMP_T_VALUE_SENSOR [deg C]	43	84868
#VAR:CTDSAL_D_CONC_SENSOR [pss-78]	46	80657
#VAR:QV:SEADATANET	48	80657
#VAR:QV:SEADATANET	20	62839
#VAR:QV:SEADATANET	91	61587
#VAR:CTDOXY_D_CONC_SENSOR [umol/kg]	90	61585
#VAR:Rosette Bottle Number	19	60094
#VAR:QV:SEADATANET	22	54042
#VAR:GEOTRACES Sample ID	21	53024
#VAR:QV:SEADATANET	106	48310
#VAR:SILICATE_D_CONC_BOTTLE [umol/kg]	104	48299
#VAR:Cruise Aliases	12	47511
#VAR:PHOSPHATE_D_CONC_BOTTLE [umol/kg]	92	44444
#VAR:QV:SEADATANET	94	44444
#VAR:NITRITE_D_CONC_BOTTLE [umol/kg]	124	34907
#VAR:QV:SEADATANET	125	34907
#VAR:QV:SEADATANET	113	28373
#VAR:NITRATE_D_CONC_BOTTLE [umol/kg]	111	28369
#VAR:SALINITY_D_CONC_BOTTLE	49	23784
#VAR:QV:SEADATANET	50	23784
#VAR:NO2+NO3_D_CONC_BOTTLE [umol/kg]	136	18956
#VAR:QV:SEADATANET	138	18956
#VAR:OXYGEN_D_CONC_BOTTLE [umol/kg]	88	17065
#VAR:QV:SEADATANET	89	17065
#VAR:Fe_D_CONC_BOTTLE [nmol/kg]	242	14639
#VAR:QV:SEADATANET	244	14639
#VAR:Mn_D_CONC_BOTTLE [nmol/kg]	305	11604
#VAR:QV:SEADATANET	307	11604
#VAR:QV:SEADATANET	367	10913
#VAR:Zn_D_CONC_BOTTLE [nmol/kg]	365	10911
#VAR:QV:SEADATANET	334	10808
#VAR:Pb_D_CONC_BOTTLE [pmol/kg]	332	10797
#VAR:Cd_D_CONC_BOTTLE [nmol/kg]	210	10726
#VAR:QV:SEADATANET	212	10726
#VAR:Al_D_CONC_BOTTLE [nmol/kg]	191	9144
#VAR:QV:SEADATANET	193	9144
#VAR:QV:SEADATANET	324	8228
#VAR:Ni_D_CONC_BOTTLE [nmol/kg]	322	8224
#VAR:Cu_D_CONC_BOTTLE [nmol/kg]	232	7902
#VAR:QV:SEADATANET	234	7902
#VAR:STANDARD_DEV	306	6974
#VAR:STANDARD_DEV	192	6529
#VAR:STANDARD_DEV	243	6512
#VAR:QV:SEADATANET	222	6223
#VAR:Co_D_CONC_BOTTLE [pmol/kg]	220	6222
#VAR:TALK_D_CONC_BOTTLE [umol/kg]	147	5188
#VAR:QV:SEADATANET	148	5188
#VAR:DIC_D_CONC_BOTTLE [umol/kg]	149	5164
#VAR:QV:SEADATANET	150	5164
#VAR:STANDARD_DEV	333	4738
#VAR:Ba_D_CONC_BOTTLE [nmol/kg]	201	4382
#VAR:QV:SEADATANET	203	4382
#VAR:CFC-11_D_CONC_BOTTLE [pmol/kg]	57	3674
#VAR:QV:SEADATANET	58	3674
#VAR:CFC-12_D_CONC_BOTTLE [pmol/kg]	61	3666
#VAR:QV:SEADATANET	62	3666
#VAR:QV:SEADATANET	270	3454
#VAR:Ga_D_CONC_BOTTLE [pmol/kg]	268	3426
#VAR:STANDARD_DEV	323	3073
#VAR:STANDARD_DEV	233	2981
#VAR:STANDARD_DEV	366	2932
#VAR:STANDARD_DEV	221	2789
#VAR:STANDARD_DEV	211	2595
#VAR:QV:SEADATANET	184	2518
#VAR:NITRATE_15_14_D_DELTA_BOTTLE [per 10^3]	182	2516
#VAR:H2O_18_16_D_DELTA_BOTTLE [per 10^3]	179	2507
#VAR:QV:SEADATANET	181	2507
#VAR:CFC113_D_CONC_BOTTLE [pmol/kg]	65	2259
#VAR:QV:SEADATANET	66	2259
#VAR:Hg_D_CONC_BOTTLE [pmol/kg]	286	2064
#VAR:QV:SEADATANET	287	2064
#VAR:Hg_T_CONC_BOTTLE [pmol/kg]	296	2014
#VAR:QV:SEADATANET	298	2014
#VAR:NH4_D_CONC_BOTTLE [umol/kg]	145	2012
#VAR:QV:SEADATANET	146	2012
#VAR:STANDARD_DEV	183	1644
#VAR:Cd_114_110_D_DELTA_BOTTLE [per 10^3]	389	1637
#VAR:QV:SEADATANET	391	1637
#VAR:Hg_Me_T_CONC_BOTTLE [pmol/kg]	377	1585
#VAR:QV:SEADATANET	379	1585
#VAR:Zn_66_64_D_DELTA_BOTTLE [per 10^3]	410	1562
#VAR:QV:SEADATANET	412	1562
#VAR:DOC_D_CONC_BOTTLE [umol/kg]	155	1508
#VAR:QV:SEADATANET	156	1508
#VAR:SF6_D_CONC_BOTTLE [fmol/kg]	69	1498
#VAR:QV:SEADATANET	70	1498
#VAR:He_D_CONC_BOTTLE [nmol/kg]	73	1473
#VAR:QV:SEADATANET	75	1473
#VAR:Ne_D_CONC_BOTTLE [nmol/kg]	76	1473
#VAR:QV:SEADATANET	78	1473
#VAR:He_3_4_D_DELTA_BOTTLE [%]	171	1473
#VAR:QV:SEADATANET	173	1473
#VAR:STANDARD_DEV	390	1451
#VAR:Fe_56_54_D_DELTA_BOTTLE [per 10^3]	398	1424
#VAR:QV:SEADATANET	400	1424
#VAR:STANDARD_DEV	411	1376
#VAR:DIC_13_12_D_DELTA_BOTTLE [per 10^3]	165	1354
#VAR:QV:SEADATANET	167	1354
#VAR:STANDARD_DEV	74	1324
#VAR:STANDARD_DEV	77	1324
#VAR:STANDARD_DEV	172	1324
#VAR:Mo_D_CONC_BOTTLE [nmol/kg]	315	1272
#VAR:QV:SEADATANET	316	1272
#VAR:STANDARD_DEV	399	1267
#VAR:TRITIUM_D_CONC_BOTTLE [TU]	174	1185
#VAR:STANDARD_DEV	175	1185
#VAR:QV:SEADATANET	176	1185
#VAR:V_D_CONC_BOTTLE [nmol/kg]	357	1161
#VAR:QV:SEADATANET	358	1161
#VAR:Ti_D_CONC_BOTTLE [pmol/kg]	349	1149
#VAR:QV:SEADATANET	351	1149
#VAR:STANDARD_DEV	44	1143
#VAR:STANDARD_DEV	350	1079
#VAR:SILICATE_30_28_D_DELTA_BOTTLE [per 10^3]	188	906
#VAR:QV:SEADATANET	190	906
#VAR:STANDARD_DEV	269	895
#VAR:STANDARD_DEV	47	827
#VAR:STANDARD_DEV	189	757
#VAR:Ar_D_CONC_BOTTLE [umol/kg]	79	693
#VAR:STANDARD_DEV	80	693
#VAR:QV:SEADATANET	81	693
#VAR:Kr_D_CONC_BOTTLE [nmol/kg]	82	693
#VAR:STANDARD_DEV	83	693
#VAR:QV:SEADATANET	84	693
#VAR:Xe_D_CONC_BOTTLE [nmol/kg]	85	693
#VAR:STANDARD_DEV	86	693
#VAR:QV:SEADATANET	87	693
#VAR:H2O_2_1_D_DELTA_BOTTLE [per 10^3]	177	623
#VAR:QV:SEADATANET	178	623
#VAR:Fe_II_D_CONC_BOTTLE [nmol/kg]	254	623
#VAR:QV:SEADATANET	256	623
#VAR:NITRITE_LL_D_CONC_BOTTLE [umol/kg]	132	616
#VAR:QV:SEADATANET	133	616
#VAR:Fe_S_CONC_BOTTLE [nmol/kg]	262	614
#VAR:QV:SEADATANET	264	614
#VAR:STANDARD_DEV	202	614
#VAR:STANDARD_DEV	180	581
#VAR:PHOSPHATE_LL_D_CONC_BOTTLE [umol/kg]	99	567
#VAR:QV:SEADATANET	101	567
#VAR:NITRATE_18_16_D_DELTA_BOTTLE [per 10^3]	185	546
#VAR:QV:SEADATANET	187	546
#VAR:STANDARD_DEV	263	545
#VAR:STANDARD_DEV	186	545
#VAR:STANDARD_DEV	105	527
#VAR:NCBI_Metagenome_BioSample_Accession	35	480
#VAR:QV:SEADATANET	36	480
#VAR:EMBL_EBI_Metagenome_MGNIFY_Analysis_Accession	41	480
#VAR:QV:SEADATANET	42	480
#VAR:Al_D_CONC_FISH [nmol/kg]	194	478
#VAR:QV:SEADATANET	196	478
#VAR:STANDARD_DEV	195	451
#VAR:STANDARD_DEV	166	447
#VAR:Single-Cell ID	33	446
#VAR:QV:SEADATANET	34	446
#VAR:Fe_D_CONC_FISH [nmol/kg]	245	443
#VAR:QV:SEADATANET	247	443
#VAR:U_D_CONC_BOTTLE [nmol/kg]	355	432
#VAR:QV:SEADATANET	356	432
#VAR:DIC_14_12_D_DELTA_BOTTLE [per 10^3]	168	427
#VAR:STANDARD_DEV	169	427
#VAR:QV:SEADATANET	170	427
#VAR:STANDARD_DEV	93	335
#VAR:SILICATE_D_CONC_FISH [umol/kg]	107	322
#VAR:QV:SEADATANET	108	322
#VAR:I_D_CONC_BOTTLE [nmol/kg]	299	320
#VAR:QV:SEADATANET	301	320
#VAR:Mn_D_CONC_FISH [nmol/kg]	308	317
#VAR:QV:SEADATANET	310	317
#VAR:STANDARD_DEV	246	316
#VAR:Hg_0_D_CONC_BOTTLE [pmol/kg]	284	315
#VAR:QV:SEADATANET	285	315
#VAR:PHOSPHATE_D_CONC_FISH [umol/kg]	95	313
#VAR:QV:SEADATANET	96	313
#VAR:I_V_D_CONC_BOTTLE [nmol/kg]	302	312
#VAR:QV:SEADATANET	304	312
#VAR:TDN_D_CONC_BOTTLE [umol/kg]	163	311
#VAR:QV:SEADATANET	164	311
#VAR:STANDARD_DEV	303	307
#VAR:STANDARD_DEV	300	303
#VAR:Hg_DM_D_CONC_BOTTLE [pmol/kg]	290	276
#VAR:QV:SEADATANET	291	276
#VAR:NCBI_16S-18S-rRNA-gene_BioSample_Accession	39	273
#VAR:QV:SEADATANET	40	273
#VAR:Hg_Me_D_CONC_BOTTLE [pmol/kg]	292	272
#VAR:QV:SEADATANET	293	272
#VAR:Zn_D_CONC_FISH [nmol/kg]	368	261
#VAR:QV:SEADATANET	370	261
#VAR:SALINITY_D_CONC_FISH	51	252
#VAR:QV:SEADATANET	52	252
#VAR:NITRITE_D_CONC_FISH [umol/kg]	126	247
#VAR:QV:SEADATANET	127	247
#VAR:Hg_MM_D_CONC_BOTTLE [pmol/kg]	294	236
#VAR:QV:SEADATANET	295	236
#VAR:STANDARD_DEV	309	233
#VAR:PH_TOT_BOTTLE	153	229
#VAR:QV:SEADATANET	154	229
#VAR:Cd_D_CONC_FISH [nmol/kg]	213	228
#VAR:QV:SEADATANET	215	228
#VAR:Pb_D_CONC_FISH [pmol/kg]	335	223
#VAR:QV:SEADATANET	337	223
#VAR:STANDARD_DEV	112	218
#VAR:Ni_60_58_D_DELTA_BOTTLE [per 10^3]	404	217
#VAR:STANDARD_DEV	405	217
#VAR:QV:SEADATANET	406	217
#VAR:Co_D_CONC_FISH [pmol/kg]	223	213
#VAR:QV:SEADATANET	225	213
#VAR:QV:SEADATANET	273	209
#VAR:Ba_D_CONC_FISH [nmol/kg]	204	207
#VAR:QV:SEADATANET	205	207
#VAR:Ga_D_CONC_FISH [pmol/kg]	271	207
#VAR:STANDARD_DEV	369	205
#VAR:Cu_D_CONC_FISH [nmol/kg]	235	202
#VAR:QV:SEADATANET	237	202
#VAR:STANDARD_DEV	255	199
#VAR:Nb_D_CONC_BOTTLE [pmol/kg]	319	193
#VAR:QV:SEADATANET	321	193
#VAR:Ni_D_CONC_FISH [nmol/kg]	325	185
#VAR:QV:SEADATANET	327	185
#VAR:PH_SWS_BOTTLE	151	177
#VAR:QV:SEADATANET	152	177
#VAR:NITRATE_LL_D_CONC_BOTTLE [umol/kg]	120	172
#VAR:QV:SEADATANET	121	172
#VAR:NITRATE_D_CONC_FISH [umol/kg]	114	159
#VAR:QV:SEADATANET	115	159
#VAR:Cu_65_63_D_DELTA_BOTTLE [per 10^3]	395	157
#VAR:STANDARD_DEV	396	157
#VAR:QV:SEADATANET	397	157
#VAR:PHOSPHATE_LL_D_CONC_FISH [umol/kg]	102	145
#VAR:QV:SEADATANET	103	145
#VAR:STANDARD_DEV	100	141
#VAR:STANDARD_DEV	336	138
#VAR:NO2+NO3_LL_D_CONC_FISH [umol/kg]	143	119
#VAR:QV:SEADATANET	144	119
#VAR:STANDARD_DEV	236	118
#VAR:NO2+NO3_LL_D_CONC_BOTTLE [umol/kg]	141	118
#VAR:QV:SEADATANET	142	118
#VAR:STANDARD_DEV	214	102
#VAR:STANDARD_DEV	326	100
#VAR:STANDARD_DEV	224	97
#VAR:Pb_TD_CONC_BOTTLE [pmol/kg]	343	87
#VAR:STANDARD_DEV	344	87
#VAR:QV:SEADATANET	345	87
#VAR:Ba_138_134_D_DELTA_BOTTLE [per 10^3]	380	84
#VAR:STANDARD_DEV	381	84
#VAR:QV:SEADATANET	382	84
#VAR:STANDARD_DEV	297	74
#VAR:NO2+NO3_D_CONC_FISH [umol/kg]	139	69
#VAR:QV:SEADATANET	140	69
#VAR:Fe_56_54_D_DELTA_FISH [per 10^3]	401	68
#VAR:QV:SEADATANET	403	68
#VAR:STANDARD_DEV	272	66
#VAR:V_D_CONC_FISH [nmol/kg]	359	66
#VAR:QV:SEADATANET	360	66
#VAR:Mo_D_CONC_FISH [nmol/kg]	317	65
#VAR:QV:SEADATANET	318	65
#VAR:Hf_D_CONC_BOTTLE [pmol/kg]	278	63
#VAR:QV:SEADATANET	279	63
#VAR:Hg_D_CONC_FISH [pmol/kg]	288	62
#VAR:QV:SEADATANET	289	62
#VAR:STANDARD_DEV	402	58
#VAR:Cd_114_110_D_DELTA_FISH [per 10^3]	392	53
#VAR:STANDARD_DEV	393	53
#VAR:QV:SEADATANET	394	53
#VAR:STANDARD_DEV	137	50
#VAR:STANDARD_DEV	378	41
#VAR:Zn_66_64_D_DELTA_FISH [per 10^3]	413	38
#VAR:STANDARD_DEV	414	38
#VAR:QV:SEADATANET	415	38
#VAR:DOC_D_CONC_FISH [umol/kg]	157	33
#VAR:QV:SEADATANET	159	33
#VAR:NITRATE_LL_D_CONC_FISH [umol/kg]	122	26
#VAR:QV:SEADATANET	123	26
#VAR:SALINITY_D_CONC_UWAY	53	22
#VAR:QV:SEADATANET	54	22
#VAR:Pb_TD_CONC_FISH [pmol/kg]	346	21
#VAR:STANDARD_DEV	347	21
#VAR:QV:SEADATANET	348	21
#VAR:CFC-11_D_CONC_UWAY [pmol/kg]	59	20
#VAR:QV:SEADATANET	60	20
#VAR:CFC-12_D_CONC_UWAY [pmol/kg]	63	20
#VAR:QV:SEADATANET	64	20
#VAR:SF6_D_CONC_UWAY [fmol/kg]	71	20
#VAR:QV:SEADATANET	72	20
#VAR:Ba_D_CONC_BOAT_PUMP [nmol/kg]	206	19
#VAR:QV:SEADATANET	207	19
#VAR:Cd_D_CONC_BOAT_PUMP [nmol/kg]	216	19
#VAR:QV:SEADATANET	217	19
#VAR:Co_D_CONC_BOAT_PUMP [pmol/kg]	226	19
#VAR:STANDARD_DEV	227	19
#VAR:QV:SEADATANET	228	19
#VAR:Cu_D_CONC_BOAT_PUMP [nmol/kg]	238	19
#VAR:QV:SEADATANET	239	19
#VAR:Ga_D_CONC_BOAT_PUMP [pmol/kg]	274	19
#VAR:QV:SEADATANET	275	19
#VAR:Mn_D_CONC_BOAT_PUMP [nmol/kg]	311	19
#VAR:QV:SEADATANET	312	19
#VAR:Ni_D_CONC_BOAT_PUMP [nmol/kg]	328	19
#VAR:QV:SEADATANET	329	19
#VAR:Pb_D_CONC_BOAT_PUMP [pmol/kg]	338	19
#VAR:QV:SEADATANET	339	19
#VAR:V_D_CONC_BOAT_PUMP [nmol/kg]	361	19
#VAR:QV:SEADATANET	362	19
#VAR:NITRITE_LL_D_CONC_FISH [umol/kg]	134	18
#VAR:QV:SEADATANET	135	18
#VAR:Fe_D_CONC_BOAT_PUMP [nmol/kg]	248	18
#VAR:QV:SEADATANET	250	18
#VAR:Zn_D_CONC_BOAT_PUMP [nmol/kg]	371	18
#VAR:QV:SEADATANET	373	18
#VAR:SALINITY_D_CONC_BOAT_PUMP	55	18
#VAR:QV:SEADATANET	56	18
#VAR:NITRATE_D_CONC_BOAT_PUMP [umol/kg]	118	18
#VAR:QV:SEADATANET	119	18
#VAR:NITRITE_D_CONC_BOAT_PUMP [umol/kg]	130	18
#VAR:QV:SEADATANET	131	18
#VAR:Al_D_CONC_SUBICE_PUMP [nmol/kg]	199	18
#VAR:QV:SEADATANET	200	18
#VAR:Cd_D_CONC_SUBICE_PUMP [nmol/kg]	218	18
#VAR:QV:SEADATANET	219	18
#VAR:Cu_D_CONC_SUBICE_PUMP [nmol/kg]	240	18
#VAR:QV:SEADATANET	241	18
#VAR:Fe_D_CONC_SUBICE_PUMP [nmol/kg]	251	18
#VAR:QV:SEADATANET	253	18
#VAR:Mn_D_CONC_SUBICE_PUMP [nmol/kg]	313	18
#VAR:QV:SEADATANET	314	18
#VAR:Ni_D_CONC_SUBICE_PUMP [nmol/kg]	330	18
#VAR:QV:SEADATANET	331	18
#VAR:Pb_D_CONC_SUBICE_PUMP [pmol/kg]	340	18
#VAR:QV:SEADATANET	342	18
#VAR:Zn_D_CONC_SUBICE_PUMP [nmol/kg]	374	18
#VAR:QV:SEADATANET	376	18
#VAR:Ba_D_CONC_SUBICE_PUMP [nmol/kg]	208	17
#VAR:QV:SEADATANET	209	17
#VAR:Ga_D_CONC_SUBICE_PUMP [pmol/kg]	276	17
#VAR:QV:SEADATANET	277	17
#VAR:V_D_CONC_SUBICE_PUMP [nmol/kg]	363	17
#VAR:QV:SEADATANET	364	17
#VAR:Al_D_CONC_BOAT_PUMP [nmol/kg]	197	16
#VAR:QV:SEADATANET	198	16
#VAR:CFC113_D_CONC_UWAY [pmol/kg]	67	15
#VAR:QV:SEADATANET	68	15
#VAR:NCBI_Single-Cell-Genome_BioProject_Accession	37	14
#VAR:QV:SEADATANET	38	14
#VAR:Fe_II_D_CONC_FISH [nmol/kg]	257	14
#VAR:QV:SEADATANET	258	14
#VAR:Fe_S_CONC_FISH [nmol/kg]	265	13
#VAR:STANDARD_DEV	266	13
#VAR:QV:SEADATANET	267	13
#VAR:Hf_D_CONC_FISH [pmol/kg]	280	9
#VAR:QV:SEADATANET	281	9
#VAR:Ba_138_134_D_DELTA_BOAT_PUMP [per 10^3]	383	9
#VAR:STANDARD_DEV	384	9
#VAR:QV:SEADATANET	385	9
#VAR:DOC_D_CONC_UWAY [umol/kg]	160	7
#VAR:QV:SEADATANET	162	7
#VAR:Co_D_CONC_SUBICE_PUMP [pmol/kg]	229	7
#VAR:STANDARD_DEV	230	7
#VAR:QV:SEADATANET	231	7
#VAR:STANDARD_DEV	161	6
#VAR:Hf_D_CONC_UWAY [pmol/kg]	282	6
#VAR:QV:SEADATANET	283	6
#VAR:Ni_60_58_D_DELTA_FISH [per 10^3]	407	5
#VAR:STANDARD_DEV	408	5
#VAR:QV:SEADATANET	409	5
#VAR:Ti_D_CONC_FISH [pmol/kg]	352	3
#VAR:STANDARD_DEV	353	3
#VAR:QV:SEADATANET	354	3
#VAR:STANDARD_DEV	249	3
#VAR:Fe_II_D_CONC_BOAT_PUMP [nmol/kg]	259	3
#VAR:QV:SEADATANET	261	3
#VAR:STANDARD_DEV	158	2
#VAR:STANDARD_DEV	372	2
#VAR:STANDARD_DEV	252	2
#VAR:STANDARD_DEV	375	2
#VAR:Ba_138_134_D_DELTA_SUBICE_PUMP [per 10^3]	386	2
#VAR:STANDARD_DEV	387	2
#VAR:QV:SEADATANET	388	2
#VAR:PHOSPHATE_D_CONC_UWAY [umol/kg]	97	1
#VAR:QV:SEADATANET	98	1
#VAR:SILICATE_D_CONC_UWAY [umol/kg]	109	1
#VAR:QV:SEADATANET	110	1
#VAR:NITRATE_D_CONC_UWAY [umol/kg]	116	1
#VAR:QV:SEADATANET	117	1
#VAR:NITRITE_D_CONC_UWAY [umol/kg]	128	1
#VAR:QV:SEADATANET	129	1
#VAR:STANDARD_DEV	320	1
#VAR:STANDARD_DEV	341	1
#VAR:STANDARD_DEV	260	1

